[2022-12-12 17:10:25] [ DEBUG] [CompositeIntegration:57] urlAccountService ====> http://localhost:9092/account
[2022-12-12 17:10:26] [ DEBUG] [CompositeIntegration:58] urlMovementsService ====> http://localhost:9095/movements
[2022-12-12 17:10:26] [ DEBUG] [CompositeIntegration:59] urlCustomerService ====> http://localhost:9091/customer
[2022-12-12 17:10:26] [ DEBUG] [CompositeIntegration:60] urlCreditService ====> http://localhost:9094/credit
[2022-12-12 17:10:49] [ DEBUG] [CompositeIntegration:57] urlAccountService ====> http://localhost:9092/account
[2022-12-12 17:10:49] [ DEBUG] [CompositeIntegration:58] urlMovementsService ====> http://localhost:9095/movements
[2022-12-12 17:10:49] [ DEBUG] [CompositeIntegration:59] urlCustomerService ====> http://localhost:9091/customer
[2022-12-12 17:10:49] [ DEBUG] [CompositeIntegration:60] urlCreditService ====> http://localhost:9094/credit
[2022-12-12 17:12:46] [ WARN ] [CompositeIntegration:269] Got exception while CompositeIntegration::getCustomerById: 404 : "{"timestamp":"2022-12-12T17:12:46.6633509-05:00","path":"/customer/483529534","httpStatus":"NOT_FOUND","message":"Error, el cliente nro: 483529534,no existe"}"
[2022-12-12 17:21:37] [ DEBUG] [CompositeIntegration:57] urlAccountService ====> http://localhost:9092/account
[2022-12-12 17:21:37] [ DEBUG] [CompositeIntegration:58] urlMovementsService ====> http://localhost:9095/movements
[2022-12-12 17:21:37] [ DEBUG] [CompositeIntegration:59] urlCustomerService ====> http://localhost:9091/customer
[2022-12-12 17:21:37] [ DEBUG] [CompositeIntegration:60] urlCreditService ====> http://localhost:9094/credit
[2022-12-12 17:31:28] [ DEBUG] [CompositeIntegration:57] urlAccountService ====> http://localhost:9092/account
[2022-12-12 17:31:28] [ DEBUG] [CompositeIntegration:58] urlMovementsService ====> http://localhost:9095/movements
[2022-12-12 17:31:28] [ DEBUG] [CompositeIntegration:59] urlCustomerService ====> http://localhost:9091/customer
[2022-12-12 17:31:28] [ DEBUG] [CompositeIntegration:60] urlCreditService ====> http://localhost:9094/credit
[2022-12-12 17:35:28] [ DEBUG] [CompositeIntegration:57] urlAccountService ====> http://localhost:9092/account
[2022-12-12 17:35:28] [ DEBUG] [CompositeIntegration:58] urlMovementsService ====> http://localhost:9095/movements
[2022-12-12 17:35:28] [ DEBUG] [CompositeIntegration:59] urlCustomerService ====> http://localhost:9091/customer
[2022-12-12 17:35:28] [ DEBUG] [CompositeIntegration:60] urlCreditService ====> http://localhost:9094/credit
[2022-12-12 17:36:01] [ DEBUG] [CompositeIntegration:57] urlAccountService ====> http://localhost:9092/account
[2022-12-12 17:36:01] [ DEBUG] [CompositeIntegration:58] urlMovementsService ====> http://localhost:9095/movements
[2022-12-12 17:36:01] [ DEBUG] [CompositeIntegration:59] urlCustomerService ====> http://localhost:9091/customer
[2022-12-12 17:36:01] [ DEBUG] [CompositeIntegration:60] urlCreditService ====> http://localhost:9094/credit
[2022-12-12 17:36:28] [ DEBUG] [CompositeIntegration:57] urlAccountService ====> http://localhost:9092/account
[2022-12-12 17:36:28] [ DEBUG] [CompositeIntegration:58] urlMovementsService ====> http://localhost:9095/movements
[2022-12-12 17:36:28] [ DEBUG] [CompositeIntegration:59] urlCustomerService ====> http://localhost:9091/customer
[2022-12-12 17:36:28] [ DEBUG] [CompositeIntegration:60] urlCreditService ====> http://localhost:9094/credit
[2022-12-12 17:52:07] [ DEBUG] [CompositeIntegration:57] urlAccountService ====> http://localhost:9092/account
[2022-12-12 17:52:07] [ DEBUG] [CompositeIntegration:58] urlMovementsService ====> http://localhost:9095/movements
[2022-12-12 17:52:07] [ DEBUG] [CompositeIntegration:59] urlCustomerService ====> http://localhost:9091/customer
[2022-12-12 17:52:07] [ DEBUG] [CompositeIntegration:60] urlCreditService ====> http://localhost:9094/credit
[2022-12-12 17:54:07] [ DEBUG] [CompositeIntegration:57] urlAccountService ====> http://localhost:9092/account
[2022-12-12 17:54:07] [ DEBUG] [CompositeIntegration:58] urlMovementsService ====> http://localhost:9095/movements
[2022-12-12 17:54:07] [ DEBUG] [CompositeIntegration:59] urlCustomerService ====> http://localhost:9091/customer
[2022-12-12 17:54:07] [ DEBUG] [CompositeIntegration:60] urlCreditService ====> http://localhost:9094/credit
[2022-12-12 17:58:50] [ DEBUG] [CompositeIntegration:57] urlAccountService ====> http://localhost:9092/account
[2022-12-12 17:58:50] [ DEBUG] [CompositeIntegration:58] urlMovementsService ====> http://localhost:9095/movements
[2022-12-12 17:58:50] [ DEBUG] [CompositeIntegration:59] urlCustomerService ====> http://localhost:9091/customer
[2022-12-12 17:58:50] [ DEBUG] [CompositeIntegration:60] urlCreditService ====> http://localhost:9094/credit
[2022-12-12 18:03:33] [ DEBUG] [CompositeIntegration:57] urlAccountService ====> http://localhost:9092/account
[2022-12-12 18:03:33] [ DEBUG] [CompositeIntegration:58] urlMovementsService ====> http://localhost:9095/movements
[2022-12-12 18:03:33] [ DEBUG] [CompositeIntegration:59] urlCustomerService ====> http://localhost:9091/customer
[2022-12-12 18:03:33] [ DEBUG] [CompositeIntegration:60] urlCreditService ====> http://localhost:9094/credit
[2022-12-12 18:04:58] [ DEBUG] [CompositeIntegration:57] urlAccountService ====> http://localhost:9092/account
[2022-12-12 18:04:58] [ DEBUG] [CompositeIntegration:58] urlMovementsService ====> http://localhost:9095/movements
[2022-12-12 18:04:58] [ DEBUG] [CompositeIntegration:59] urlCustomerService ====> http://localhost:9091/customer
[2022-12-12 18:04:58] [ DEBUG] [CompositeIntegration:60] urlCreditService ====> http://localhost:9094/credit
[2022-12-12 18:11:36] [ DEBUG] [CompositeIntegration:57] urlAccountService ====> http://localhost:9092/account
[2022-12-12 18:11:36] [ DEBUG] [CompositeIntegration:58] urlMovementsService ====> http://localhost:9095/movements
[2022-12-12 18:11:36] [ DEBUG] [CompositeIntegration:59] urlCustomerService ====> http://localhost:9091/customer
[2022-12-12 18:11:36] [ DEBUG] [CompositeIntegration:60] urlCreditService ====> http://localhost:9094/credit
[2022-12-12 18:14:45] [ DEBUG] [CompositeIntegration:57] urlAccountService ====> http://localhost:9092/account
[2022-12-12 18:14:45] [ DEBUG] [CompositeIntegration:58] urlMovementsService ====> http://localhost:9095/movements
[2022-12-12 18:14:45] [ DEBUG] [CompositeIntegration:59] urlCustomerService ====> http://localhost:9091/customer
[2022-12-12 18:14:45] [ DEBUG] [CompositeIntegration:60] urlCreditService ====> http://localhost:9094/credit
[2022-12-12 18:26:17] [ DEBUG] [CompositeIntegration:57] urlAccountService ====> http://localhost:9092/account
[2022-12-12 18:26:17] [ DEBUG] [CompositeIntegration:58] urlMovementsService ====> http://localhost:9095/movements
[2022-12-12 18:26:17] [ DEBUG] [CompositeIntegration:59] urlCustomerService ====> http://localhost:9091/customer
[2022-12-12 18:26:17] [ DEBUG] [CompositeIntegration:60] urlCreditService ====> http://localhost:9094/credit
[2022-12-12 18:33:25] [ DEBUG] [CompositeIntegration:57] urlAccountService ====> http://localhost:9092/account
[2022-12-12 18:33:25] [ DEBUG] [CompositeIntegration:58] urlMovementsService ====> http://localhost:9095/movements
[2022-12-12 18:33:25] [ DEBUG] [CompositeIntegration:59] urlCustomerService ====> http://localhost:9091/customer
[2022-12-12 18:33:25] [ DEBUG] [CompositeIntegration:60] urlCreditService ====> http://localhost:9094/credit
[2022-12-12 18:37:22] [ DEBUG] [CompositeIntegration:57] urlAccountService ====> http://localhost:9092/account
[2022-12-12 18:37:22] [ DEBUG] [CompositeIntegration:58] urlMovementsService ====> http://localhost:9095/movements
[2022-12-12 18:37:22] [ DEBUG] [CompositeIntegration:59] urlCustomerService ====> http://localhost:9091/customer
[2022-12-12 18:37:22] [ DEBUG] [CompositeIntegration:60] urlCreditService ====> http://localhost:9094/credit
[2022-12-12 18:39:25] [ DEBUG] [CompositeIntegration:57] urlAccountService ====> http://localhost:9092/account
[2022-12-12 18:39:25] [ DEBUG] [CompositeIntegration:58] urlMovementsService ====> http://localhost:9095/movements
[2022-12-12 18:39:25] [ DEBUG] [CompositeIntegration:59] urlCustomerService ====> http://localhost:9091/customer
[2022-12-12 18:39:25] [ DEBUG] [CompositeIntegration:60] urlCreditService ====> http://localhost:9094/credit
[2022-12-12 18:46:09] [ DEBUG] [CompositeIntegration:57] urlAccountService ====> http://localhost:9092/account
[2022-12-12 18:46:09] [ DEBUG] [CompositeIntegration:58] urlMovementsService ====> http://localhost:9095/movements
[2022-12-12 18:46:09] [ DEBUG] [CompositeIntegration:59] urlCustomerService ====> http://localhost:9091/customer
[2022-12-12 18:46:09] [ DEBUG] [CompositeIntegration:60] urlCreditService ====> http://localhost:9094/credit
[2022-12-12 18:51:30] [ WARN ] [CompositeIntegration:248] Got exception while CompositeIntegration::makeWithdrawalAccount: 400 : "{"timestamp":"2022-12-12T18:51:30.9468865-05:00","path":"/account/withdrawal/167088315007420221212","httpStatus":"BAD_REQUEST","message":"Error,saldo insuficiente en cuenta Nro: 167088315007420221212"}"
[2022-12-12 18:51:51] [ DEBUG] [CompositeIntegration:57] urlAccountService ====> http://localhost:9092/account
[2022-12-12 18:51:51] [ DEBUG] [CompositeIntegration:58] urlMovementsService ====> http://localhost:9095/movements
[2022-12-12 18:51:51] [ DEBUG] [CompositeIntegration:59] urlCustomerService ====> http://localhost:9091/customer
[2022-12-12 18:51:51] [ DEBUG] [CompositeIntegration:60] urlCreditService ====> http://localhost:9094/credit
[2022-12-12 18:54:51] [ DEBUG] [CompositeIntegration:57] urlAccountService ====> http://localhost:9092/account
[2022-12-12 18:54:51] [ DEBUG] [CompositeIntegration:58] urlMovementsService ====> http://localhost:9095/movements
[2022-12-12 18:54:51] [ DEBUG] [CompositeIntegration:59] urlCustomerService ====> http://localhost:9091/customer
[2022-12-12 18:54:51] [ DEBUG] [CompositeIntegration:60] urlCreditService ====> http://localhost:9094/credit
[2022-12-12 18:55:10] [ WARN ] [CompositeIntegration:248] Got exception while CompositeIntegration::makeWithdrawalAccount: 400 : "{"timestamp":"2022-12-12T18:55:10.2452751-05:00","path":"/account/withdrawal/167088315007420221212","httpStatus":"BAD_REQUEST","message":"Error,saldo insuficiente en cuenta Nro: 167088315007420221212"}"
[2022-12-12 18:58:39] [ DEBUG] [CompositeIntegration:57] urlAccountService ====> http://localhost:9092/account
[2022-12-12 18:58:39] [ DEBUG] [CompositeIntegration:58] urlMovementsService ====> http://localhost:9095/movements
[2022-12-12 18:58:39] [ DEBUG] [CompositeIntegration:59] urlCustomerService ====> http://localhost:9091/customer
[2022-12-12 18:58:39] [ DEBUG] [CompositeIntegration:60] urlCreditService ====> http://localhost:9094/credit
[2022-12-12 19:06:42] [ WARN ] [CompositeIntegration:248] Got exception while CompositeIntegration::makeWithdrawalAccount: 400 : "{"timestamp":"2022-12-12T19:06:42.0404273-05:00","path":"/account/withdrawal/167088315007420221212","httpStatus":"BAD_REQUEST","message":"Error,saldo insuficiente en cuenta Nro: 167088315007420221212"}"
[2022-12-12 19:16:46] [ DEBUG] [CompositeIntegration:57] urlAccountService ====> http://localhost:9092/account
[2022-12-12 19:16:46] [ DEBUG] [CompositeIntegration:58] urlMovementsService ====> http://localhost:9095/movements
[2022-12-12 19:16:46] [ DEBUG] [CompositeIntegration:59] urlCustomerService ====> http://localhost:9091/customer
[2022-12-12 19:16:46] [ DEBUG] [CompositeIntegration:60] urlCreditService ====> http://localhost:9094/credit
[2022-12-12 19:17:47] [ WARN ] [CompositeIntegration:248] Got exception while CompositeIntegration::makeWithdrawalAccount: 400 : "{"timestamp":"2022-12-12T19:17:47.6428295-05:00","path":"/account/withdrawal/167088315007420221212","httpStatus":"BAD_REQUEST","message":"Error,saldo insuficiente en cuenta Nro: 167088315007420221212"}"
[2022-12-17 21:31:54] [ DEBUG] [CompositeIntegration:57] urlAccountService ====> http://localhost:9098/account
[2022-12-17 21:31:54] [ DEBUG] [CompositeIntegration:58] urlMovementsService ====> http://localhost:9095/movements
[2022-12-17 21:31:54] [ DEBUG] [CompositeIntegration:59] urlCustomerService ====> http://localhost:9091/customer
[2022-12-17 21:31:54] [ DEBUG] [CompositeIntegration:60] urlCreditService ====> http://localhost:9094/credit
[2022-12-17 21:31:54] [ DEBUG] [CompositeIntegration:61] urlProductService ====> http://localhost:9093/product
[2022-12-17 21:35:46] [ DEBUG] [CompositeIntegration:57] urlAccountService ====> http://localhost:9098/account
[2022-12-17 21:35:46] [ DEBUG] [CompositeIntegration:58] urlMovementsService ====> http://localhost:9095/movements
[2022-12-17 21:35:46] [ DEBUG] [CompositeIntegration:59] urlCustomerService ====> http://localhost:9091/customer
[2022-12-17 21:35:46] [ DEBUG] [CompositeIntegration:60] urlCreditService ====> http://localhost:9094/credit
[2022-12-17 21:35:46] [ DEBUG] [CompositeIntegration:61] urlProductService ====> http://localhost:9093/product
[2022-12-17 21:38:22] [ DEBUG] [CompositeIntegration:57] urlAccountService ====> http://localhost:9098/account
[2022-12-17 21:38:22] [ DEBUG] [CompositeIntegration:58] urlMovementsService ====> http://localhost:9095/movements
[2022-12-17 21:38:22] [ DEBUG] [CompositeIntegration:59] urlCustomerService ====> http://localhost:9091/customer
[2022-12-17 21:38:22] [ DEBUG] [CompositeIntegration:60] urlCreditService ====> http://localhost:9094/credit
[2022-12-17 21:38:22] [ DEBUG] [CompositeIntegration:61] urlProductService ====> http://localhost:9093/product
[2022-12-17 21:39:46] [ WARN ] [CompositeIntegration:347] Got exception while CompositeIntegration::createCustomer: 422 : "{"timestamp":"2022-12-17T21:39:46.6226277-05:00","path":"/customer/save","httpStatus":"UNPROCESSABLE_ENTITY","message":"Error,ya existe un cliente con codigo: 48352954"}"
